<?xml version="1.0" encoding="UTF-8"?>
<!-- Generated by org.testng.reporters.JUnitXMLReporter -->
<testsuite ignored="0" hostname="Napster313" failures="0" tests="5" name="Smoke Testing" time="37.56" errors="0" timestamp="2025-04-08T19:59:36 GST">
  <testcase classname="Testcases.MapTest" name="locationTest" time="1.663"/>
  <testcase classname="Testcases.FitnessTab" name="TestfilterTab" time="7.388"/>
  <testcase classname="Testcases.JoinPrivilee" name="joinprivileeTest" time="6.107"/>
  <testcase classname="Testcases.ResponsiveTest" name="ResponseTest" time="1.004"/>
  <testcase classname="Testcases.FilterTest" name="testfilter" time="1.748"/>
</testsuite> <!-- Smoke Testing -->
